2018-06-19 18:05:21.071 [registrationTask1] WARN  [de.codecentric.boot.admin.client.registration.ApplicationRegistrator:88] registrationTask1cid - Failed to register application as Application [name=spring-boot-application, managementUrl=http://HOMEMIC-0LV0N9U:8092, healthUrl=http://HOMEMIC-0LV0N9U:8092/health, serviceUrl=http://HOMEMIC-0LV0N9U:8091] at spring-boot-admin ([http://localhost:8070/api/applications]): I/O error on POST request for "http://localhost:8070/api/applications": Connection refused: connect; nested exception is java.net.ConnectException: Connection refused: connect
2018-06-19 18:05:30.921 [registrationTask1] WARN  [de.codecentric.boot.admin.client.registration.ApplicationRegistrator:88] registrationTask1cid - Failed to register application as Application [name=spring-boot-application, managementUrl=http://HOMEMIC-0LV0N9U:8092, healthUrl=http://HOMEMIC-0LV0N9U:8092/health, serviceUrl=http://HOMEMIC-0LV0N9U:8091] at spring-boot-admin ([http://localhost:8070/api/applications]): I/O error on POST request for "http://localhost:8070/api/applications": Connection refused: connect; nested exception is java.net.ConnectException: Connection refused: connect
2018-06-19 18:05:40.923 [registrationTask1] WARN  [de.codecentric.boot.admin.client.registration.ApplicationRegistrator:88] registrationTask1cid - Failed to register application as Application [name=spring-boot-application, managementUrl=http://HOMEMIC-0LV0N9U:8092, healthUrl=http://HOMEMIC-0LV0N9U:8092/health, serviceUrl=http://HOMEMIC-0LV0N9U:8091] at spring-boot-admin ([http://localhost:8070/api/applications]): I/O error on POST request for "http://localhost:8070/api/applications": Connection refused: connect; nested exception is java.net.ConnectException: Connection refused: connect
2018-06-19 18:05:50.942 [registrationTask1] WARN  [de.codecentric.boot.admin.client.registration.ApplicationRegistrator:88] registrationTask1cid - Failed to register application as Application [name=spring-boot-application, managementUrl=http://HOMEMIC-0LV0N9U:8092, healthUrl=http://HOMEMIC-0LV0N9U:8092/health, serviceUrl=http://HOMEMIC-0LV0N9U:8091] at spring-boot-admin ([http://localhost:8070/api/applications]): I/O error on POST request for "http://localhost:8070/api/applications": Connection refused: connect; nested exception is java.net.ConnectException: Connection refused: connect
2018-06-19 18:07:24.678 [registrationTask1] WARN  [de.codecentric.boot.admin.client.registration.ApplicationRegistrator:88] registrationTask1cid - Failed to register application as Application [name=spring-boot-application, managementUrl=http://HOMEMIC-0LV0N9U:8092, healthUrl=http://HOMEMIC-0LV0N9U:8092/health, serviceUrl=http://HOMEMIC-0LV0N9U:8091] at spring-boot-admin ([http://localhost:8070/api/applications]): I/O error on POST request for "http://localhost:8070/api/applications": Connection refused: connect; nested exception is java.net.ConnectException: Connection refused: connect
2018-06-19 18:07:34.541 [registrationTask1] WARN  [de.codecentric.boot.admin.client.registration.ApplicationRegistrator:88] registrationTask1cid - Failed to register application as Application [name=spring-boot-application, managementUrl=http://HOMEMIC-0LV0N9U:8092, healthUrl=http://HOMEMIC-0LV0N9U:8092/health, serviceUrl=http://HOMEMIC-0LV0N9U:8091] at spring-boot-admin ([http://localhost:8070/api/applications]): I/O error on POST request for "http://localhost:8070/api/applications": Connection refused: connect; nested exception is java.net.ConnectException: Connection refused: connect
2018-06-19 18:07:44.543 [registrationTask1] WARN  [de.codecentric.boot.admin.client.registration.ApplicationRegistrator:88] registrationTask1cid - Failed to register application as Application [name=spring-boot-application, managementUrl=http://HOMEMIC-0LV0N9U:8092, healthUrl=http://HOMEMIC-0LV0N9U:8092/health, serviceUrl=http://HOMEMIC-0LV0N9U:8091] at spring-boot-admin ([http://localhost:8070/api/applications]): I/O error on POST request for "http://localhost:8070/api/applications": Connection refused: connect; nested exception is java.net.ConnectException: Connection refused: connect
2018-06-19 18:07:54.565 [registrationTask1] WARN  [de.codecentric.boot.admin.client.registration.ApplicationRegistrator:88] registrationTask1cid - Failed to register application as Application [name=spring-boot-application, managementUrl=http://HOMEMIC-0LV0N9U:8092, healthUrl=http://HOMEMIC-0LV0N9U:8092/health, serviceUrl=http://HOMEMIC-0LV0N9U:8091] at spring-boot-admin ([http://localhost:8070/api/applications]): I/O error on POST request for "http://localhost:8070/api/applications": Connection refused: connect; nested exception is java.net.ConnectException: Connection refused: connect
2018-06-19 18:08:04.541 [registrationTask1] WARN  [de.codecentric.boot.admin.client.registration.ApplicationRegistrator:88] registrationTask1cid - Failed to register application as Application [name=spring-boot-application, managementUrl=http://HOMEMIC-0LV0N9U:8092, healthUrl=http://HOMEMIC-0LV0N9U:8092/health, serviceUrl=http://HOMEMIC-0LV0N9U:8091] at spring-boot-admin ([http://localhost:8070/api/applications]): I/O error on POST request for "http://localhost:8070/api/applications": Connection refused: connect; nested exception is java.net.ConnectException: Connection refused: connect
2018-06-19 18:08:14.543 [registrationTask1] WARN  [de.codecentric.boot.admin.client.registration.ApplicationRegistrator:88] registrationTask1cid - Failed to register application as Application [name=spring-boot-application, managementUrl=http://HOMEMIC-0LV0N9U:8092, healthUrl=http://HOMEMIC-0LV0N9U:8092/health, serviceUrl=http://HOMEMIC-0LV0N9U:8091] at spring-boot-admin ([http://localhost:8070/api/applications]): I/O error on POST request for "http://localhost:8070/api/applications": Connection refused: connect; nested exception is java.net.ConnectException: Connection refused: connect
2018-06-19 18:08:24.543 [registrationTask1] WARN  [de.codecentric.boot.admin.client.registration.ApplicationRegistrator:88] registrationTask1cid - Failed to register application as Application [name=spring-boot-application, managementUrl=http://HOMEMIC-0LV0N9U:8092, healthUrl=http://HOMEMIC-0LV0N9U:8092/health, serviceUrl=http://HOMEMIC-0LV0N9U:8091] at spring-boot-admin ([http://localhost:8070/api/applications]): I/O error on POST request for "http://localhost:8070/api/applications": Connection refused: connect; nested exception is java.net.ConnectException: Connection refused: connect
2018-06-19 18:08:31.169 [http-nio-8091-exec-1] WARN  [org.springframework.web.servlet.PageNotFound:1176] http-nio-8091-exec-1cid - No mapping found for HTTP request with URI [/] in DispatcherServlet with name 'dispatcherServlet'
2018-06-19 18:08:34.554 [registrationTask1] WARN  [de.codecentric.boot.admin.client.registration.ApplicationRegistrator:88] registrationTask1cid - Failed to register application as Application [name=spring-boot-application, managementUrl=http://HOMEMIC-0LV0N9U:8092, healthUrl=http://HOMEMIC-0LV0N9U:8092/health, serviceUrl=http://HOMEMIC-0LV0N9U:8091] at spring-boot-admin ([http://localhost:8070/api/applications]): I/O error on POST request for "http://localhost:8070/api/applications": Connection refused: connect; nested exception is java.net.ConnectException: Connection refused: connect
2018-06-19 18:08:44.544 [registrationTask1] WARN  [de.codecentric.boot.admin.client.registration.ApplicationRegistrator:88] registrationTask1cid - Failed to register application as Application [name=spring-boot-application, managementUrl=http://HOMEMIC-0LV0N9U:8092, healthUrl=http://HOMEMIC-0LV0N9U:8092/health, serviceUrl=http://HOMEMIC-0LV0N9U:8091] at spring-boot-admin ([http://localhost:8070/api/applications]): I/O error on POST request for "http://localhost:8070/api/applications": Connection refused: connect; nested exception is java.net.ConnectException: Connection refused: connect
2018-06-19 18:08:46.634 [http-nio-8091-exec-2] ERROR [org.apache.catalina.core.ContainerBase.[Tomcat].[localhost].[/].[dispatcherServlet]:181] http-nio-8091-exec-2cid - Servlet.service() for servlet [dispatcherServlet] in context with path [] threw exception [Circular view path [index]: would dispatch back to the current handler URL [/index] again. Check your ViewResolver setup! (Hint: This may be the result of an unspecified view, due to default view name generation.)] with root cause
javax.servlet.ServletException: Circular view path [index]: would dispatch back to the current handler URL [/index] again. Check your ViewResolver setup! (Hint: This may be the result of an unspecified view, due to default view name generation.)
	at org.springframework.web.servlet.view.InternalResourceView.prepareForRendering(InternalResourceView.java:205) ~[spring-webmvc-4.3.9.RELEASE.jar:4.3.9.RELEASE]
	at org.springframework.web.servlet.view.InternalResourceView.renderMergedOutputModel(InternalResourceView.java:145) ~[spring-webmvc-4.3.9.RELEASE.jar:4.3.9.RELEASE]
	at org.springframework.web.servlet.view.AbstractView.render(AbstractView.java:303) ~[spring-webmvc-4.3.9.RELEASE.jar:4.3.9.RELEASE]
	at org.springframework.web.servlet.DispatcherServlet.render(DispatcherServlet.java:1286) ~[spring-webmvc-4.3.9.RELEASE.jar:4.3.9.RELEASE]
	at org.springframework.web.servlet.DispatcherServlet.processDispatchResult(DispatcherServlet.java:1041) ~[spring-webmvc-4.3.9.RELEASE.jar:4.3.9.RELEASE]
	at org.springframework.web.servlet.DispatcherServlet.doDispatch(DispatcherServlet.java:984) ~[spring-webmvc-4.3.9.RELEASE.jar:4.3.9.RELEASE]
	at org.springframework.web.servlet.DispatcherServlet.doService(DispatcherServlet.java:901) ~[spring-webmvc-4.3.9.RELEASE.jar:4.3.9.RELEASE]
	at org.springframework.web.servlet.FrameworkServlet.processRequest(FrameworkServlet.java:970) ~[spring-webmvc-4.3.9.RELEASE.jar:4.3.9.RELEASE]
	at org.springframework.web.servlet.FrameworkServlet.doGet(FrameworkServlet.java:861) ~[spring-webmvc-4.3.9.RELEASE.jar:4.3.9.RELEASE]
	at javax.servlet.http.HttpServlet.service(HttpServlet.java:635) ~[tomcat-embed-core-8.5.15.jar:8.5.15]
	at org.springframework.web.servlet.FrameworkServlet.service(FrameworkServlet.java:846) ~[spring-webmvc-4.3.9.RELEASE.jar:4.3.9.RELEASE]
	at javax.servlet.http.HttpServlet.service(HttpServlet.java:742) ~[tomcat-embed-core-8.5.15.jar:8.5.15]
	at org.apache.catalina.core.ApplicationFilterChain.internalDoFilter(ApplicationFilterChain.java:231) ~[tomcat-embed-core-8.5.15.jar:8.5.15]
	at org.apache.catalina.core.ApplicationFilterChain.doFilter(ApplicationFilterChain.java:166) ~[tomcat-embed-core-8.5.15.jar:8.5.15]
	at org.apache.tomcat.websocket.server.WsFilter.doFilter(WsFilter.java:52) ~[tomcat-embed-websocket-8.5.15.jar:8.5.15]
	at org.apache.catalina.core.ApplicationFilterChain.internalDoFilter(ApplicationFilterChain.java:193) ~[tomcat-embed-core-8.5.15.jar:8.5.15]
	at org.apache.catalina.core.ApplicationFilterChain.doFilter(ApplicationFilterChain.java:166) ~[tomcat-embed-core-8.5.15.jar:8.5.15]
	at org.springframework.boot.web.filter.ApplicationContextHeaderFilter.doFilterInternal(ApplicationContextHeaderFilter.java:55) ~[spring-boot-1.4.7.RELEASE.jar:1.4.7.RELEASE]
	at org.springframework.web.filter.OncePerRequestFilter.doFilter(OncePerRequestFilter.java:107) ~[spring-web-4.3.9.RELEASE.jar:4.3.9.RELEASE]
	at org.apache.catalina.core.ApplicationFilterChain.internalDoFilter(ApplicationFilterChain.java:193) ~[tomcat-embed-core-8.5.15.jar:8.5.15]
	at org.apache.catalina.core.ApplicationFilterChain.doFilter(ApplicationFilterChain.java:166) ~[tomcat-embed-core-8.5.15.jar:8.5.15]
	at com.mooc.house.web.filter.LogFilter.doFilter(LogFilter.java:25) ~[classes/:?]
	at org.apache.catalina.core.ApplicationFilterChain.internalDoFilter(ApplicationFilterChain.java:193) ~[tomcat-embed-core-8.5.15.jar:8.5.15]
	at org.apache.catalina.core.ApplicationFilterChain.doFilter(ApplicationFilterChain.java:166) ~[tomcat-embed-core-8.5.15.jar:8.5.15]
	at org.springframework.boot.actuate.trace.WebRequestTraceFilter.doFilterInternal(WebRequestTraceFilter.java:105) ~[spring-boot-actuator-1.4.7.RELEASE.jar:1.4.7.RELEASE]
	at org.springframework.web.filter.OncePerRequestFilter.doFilter(OncePerRequestFilter.java:107) ~[spring-web-4.3.9.RELEASE.jar:4.3.9.RELEASE]
	at org.apache.catalina.core.ApplicationFilterChain.internalDoFilter(ApplicationFilterChain.java:193) ~[tomcat-embed-core-8.5.15.jar:8.5.15]
	at org.apache.catalina.core.ApplicationFilterChain.doFilter(ApplicationFilterChain.java:166) ~[tomcat-embed-core-8.5.15.jar:8.5.15]
	at org.springframework.web.filter.RequestContextFilter.doFilterInternal(RequestContextFilter.java:99) ~[spring-web-4.3.9.RELEASE.jar:4.3.9.RELEASE]
	at org.springframework.web.filter.OncePerRequestFilter.doFilter(OncePerRequestFilter.java:107) ~[spring-web-4.3.9.RELEASE.jar:4.3.9.RELEASE]
	at org.apache.catalina.core.ApplicationFilterChain.internalDoFilter(ApplicationFilterChain.java:193) ~[tomcat-embed-core-8.5.15.jar:8.5.15]
	at org.apache.catalina.core.ApplicationFilterChain.doFilter(ApplicationFilterChain.java:166) ~[tomcat-embed-core-8.5.15.jar:8.5.15]
	at org.springframework.web.filter.HttpPutFormContentFilter.doFilterInternal(HttpPutFormContentFilter.java:105) ~[spring-web-4.3.9.RELEASE.jar:4.3.9.RELEASE]
	at org.springframework.web.filter.OncePerRequestFilter.doFilter(OncePerRequestFilter.java:107) ~[spring-web-4.3.9.RELEASE.jar:4.3.9.RELEASE]
	at org.apache.catalina.core.ApplicationFilterChain.internalDoFilter(ApplicationFilterChain.java:193) ~[tomcat-embed-core-8.5.15.jar:8.5.15]
	at org.apache.catalina.core.ApplicationFilterChain.doFilter(ApplicationFilterChain.java:166) ~[tomcat-embed-core-8.5.15.jar:8.5.15]
	at org.springframework.web.filter.HiddenHttpMethodFilter.doFilterInternal(HiddenHttpMethodFilter.java:81) ~[spring-web-4.3.9.RELEASE.jar:4.3.9.RELEASE]
	at org.springframework.web.filter.OncePerRequestFilter.doFilter(OncePerRequestFilter.java:107) ~[spring-web-4.3.9.RELEASE.jar:4.3.9.RELEASE]
	at org.apache.catalina.core.ApplicationFilterChain.internalDoFilter(ApplicationFilterChain.java:193) ~[tomcat-embed-core-8.5.15.jar:8.5.15]
	at org.apache.catalina.core.ApplicationFilterChain.doFilter(ApplicationFilterChain.java:166) ~[tomcat-embed-core-8.5.15.jar:8.5.15]
	at org.springframework.web.filter.CharacterEncodingFilter.doFilterInternal(CharacterEncodingFilter.java:197) ~[spring-web-4.3.9.RELEASE.jar:4.3.9.RELEASE]
	at org.springframework.web.filter.OncePerRequestFilter.doFilter(OncePerRequestFilter.java:107) ~[spring-web-4.3.9.RELEASE.jar:4.3.9.RELEASE]
	at org.apache.catalina.core.ApplicationFilterChain.internalDoFilter(ApplicationFilterChain.java:193) ~[tomcat-embed-core-8.5.15.jar:8.5.15]
	at org.apache.catalina.core.ApplicationFilterChain.doFilter(ApplicationFilterChain.java:166) ~[tomcat-embed-core-8.5.15.jar:8.5.15]
	at org.springframework.boot.actuate.autoconfigure.MetricsFilter.doFilterInternal(MetricsFilter.java:106) ~[spring-boot-actuator-1.4.7.RELEASE.jar:1.4.7.RELEASE]
	at org.springframework.web.filter.OncePerRequestFilter.doFilter(OncePerRequestFilter.java:107) ~[spring-web-4.3.9.RELEASE.jar:4.3.9.RELEASE]
	at org.apache.catalina.core.ApplicationFilterChain.internalDoFilter(ApplicationFilterChain.java:193) ~[tomcat-embed-core-8.5.15.jar:8.5.15]
	at org.apache.catalina.core.ApplicationFilterChain.doFilter(ApplicationFilterChain.java:166) ~[tomcat-embed-core-8.5.15.jar:8.5.15]
	at org.apache.catalina.core.StandardWrapperValve.invoke(StandardWrapperValve.java:198) ~[tomcat-embed-core-8.5.15.jar:8.5.15]
	at org.apache.catalina.core.StandardContextValve.invoke(StandardContextValve.java:96) ~[tomcat-embed-core-8.5.15.jar:8.5.15]
	at org.apache.catalina.authenticator.AuthenticatorBase.invoke(AuthenticatorBase.java:478) ~[tomcat-embed-core-8.5.15.jar:8.5.15]
	at org.apache.catalina.core.StandardHostValve.invoke(StandardHostValve.java:140) ~[tomcat-embed-core-8.5.15.jar:8.5.15]
	at org.apache.catalina.valves.ErrorReportValve.invoke(ErrorReportValve.java:80) ~[tomcat-embed-core-8.5.15.jar:8.5.15]
	at org.apache.catalina.core.StandardEngineValve.invoke(StandardEngineValve.java:87) ~[tomcat-embed-core-8.5.15.jar:8.5.15]
	at org.apache.catalina.connector.CoyoteAdapter.service(CoyoteAdapter.java:342) ~[tomcat-embed-core-8.5.15.jar:8.5.15]
	at org.apache.coyote.http11.Http11Processor.service(Http11Processor.java:799) ~[tomcat-embed-core-8.5.15.jar:8.5.15]
	at org.apache.coyote.AbstractProcessorLight.process(AbstractProcessorLight.java:66) ~[tomcat-embed-core-8.5.15.jar:8.5.15]
	at org.apache.coyote.AbstractProtocol$ConnectionHandler.process(AbstractProtocol.java:861) ~[tomcat-embed-core-8.5.15.jar:8.5.15]
	at org.apache.tomcat.util.net.NioEndpoint$SocketProcessor.doRun(NioEndpoint.java:1455) ~[tomcat-embed-core-8.5.15.jar:8.5.15]
	at org.apache.tomcat.util.net.SocketProcessorBase.run(SocketProcessorBase.java:49) ~[tomcat-embed-core-8.5.15.jar:8.5.15]
	at java.util.concurrent.ThreadPoolExecutor.runWorker(ThreadPoolExecutor.java:1142) [?:1.8.0_73]
	at java.util.concurrent.ThreadPoolExecutor$Worker.run(ThreadPoolExecutor.java:617) [?:1.8.0_73]
	at org.apache.tomcat.util.threads.TaskThread$WrappingRunnable.run(TaskThread.java:61) ~[tomcat-embed-core-8.5.15.jar:8.5.15]
	at java.lang.Thread.run(Thread.java:745) [?:1.8.0_73]
2018-06-19 18:08:54.543 [registrationTask1] WARN  [de.codecentric.boot.admin.client.registration.ApplicationRegistrator:88] registrationTask1cid - Failed to register application as Application [name=spring-boot-application, managementUrl=http://HOMEMIC-0LV0N9U:8092, healthUrl=http://HOMEMIC-0LV0N9U:8092/health, serviceUrl=http://HOMEMIC-0LV0N9U:8091] at spring-boot-admin ([http://localhost:8070/api/applications]): I/O error on POST request for "http://localhost:8070/api/applications": Connection refused: connect; nested exception is java.net.ConnectException: Connection refused: connect
2018-06-19 18:09:04.556 [registrationTask1] WARN  [de.codecentric.boot.admin.client.registration.ApplicationRegistrator:88] registrationTask1cid - Failed to register application as Application [name=spring-boot-application, managementUrl=http://HOMEMIC-0LV0N9U:8092, healthUrl=http://HOMEMIC-0LV0N9U:8092/health, serviceUrl=http://HOMEMIC-0LV0N9U:8091] at spring-boot-admin ([http://localhost:8070/api/applications]): I/O error on POST request for "http://localhost:8070/api/applications": Connection refused: connect; nested exception is java.net.ConnectException: Connection refused: connect
2018-06-19 18:09:14.548 [registrationTask1] WARN  [de.codecentric.boot.admin.client.registration.ApplicationRegistrator:88] registrationTask1cid - Failed to register application as Application [name=spring-boot-application, managementUrl=http://HOMEMIC-0LV0N9U:8092, healthUrl=http://HOMEMIC-0LV0N9U:8092/health, serviceUrl=http://HOMEMIC-0LV0N9U:8091] at spring-boot-admin ([http://localhost:8070/api/applications]): I/O error on POST request for "http://localhost:8070/api/applications": Connection refused: connect; nested exception is java.net.ConnectException: Connection refused: connect
2018-06-19 18:09:24.544 [registrationTask1] WARN  [de.codecentric.boot.admin.client.registration.ApplicationRegistrator:88] registrationTask1cid - Failed to register application as Application [name=spring-boot-application, managementUrl=http://HOMEMIC-0LV0N9U:8092, healthUrl=http://HOMEMIC-0LV0N9U:8092/health, serviceUrl=http://HOMEMIC-0LV0N9U:8091] at spring-boot-admin ([http://localhost:8070/api/applications]): I/O error on POST request for "http://localhost:8070/api/applications": Connection refused: connect; nested exception is java.net.ConnectException: Connection refused: connect
2018-06-19 18:09:27.712 [http-nio-8091-exec-4] ERROR [org.apache.catalina.core.ContainerBase.[Tomcat].[localhost].[/].[dispatcherServlet]:181] http-nio-8091-exec-4cid - Servlet.service() for servlet [dispatcherServlet] in context with path [] threw exception [Circular view path [login]: would dispatch back to the current handler URL [/login] again. Check your ViewResolver setup! (Hint: This may be the result of an unspecified view, due to default view name generation.)] with root cause
javax.servlet.ServletException: Circular view path [login]: would dispatch back to the current handler URL [/login] again. Check your ViewResolver setup! (Hint: This may be the result of an unspecified view, due to default view name generation.)
	at org.springframework.web.servlet.view.InternalResourceView.prepareForRendering(InternalResourceView.java:205) ~[spring-webmvc-4.3.9.RELEASE.jar:4.3.9.RELEASE]
	at org.springframework.web.servlet.view.InternalResourceView.renderMergedOutputModel(InternalResourceView.java:145) ~[spring-webmvc-4.3.9.RELEASE.jar:4.3.9.RELEASE]
	at org.springframework.web.servlet.view.AbstractView.render(AbstractView.java:303) ~[spring-webmvc-4.3.9.RELEASE.jar:4.3.9.RELEASE]
	at org.springframework.web.servlet.DispatcherServlet.render(DispatcherServlet.java:1286) ~[spring-webmvc-4.3.9.RELEASE.jar:4.3.9.RELEASE]
	at org.springframework.web.servlet.DispatcherServlet.processDispatchResult(DispatcherServlet.java:1041) ~[spring-webmvc-4.3.9.RELEASE.jar:4.3.9.RELEASE]
	at org.springframework.web.servlet.DispatcherServlet.doDispatch(DispatcherServlet.java:984) ~[spring-webmvc-4.3.9.RELEASE.jar:4.3.9.RELEASE]
	at org.springframework.web.servlet.DispatcherServlet.doService(DispatcherServlet.java:901) ~[spring-webmvc-4.3.9.RELEASE.jar:4.3.9.RELEASE]
	at org.springframework.web.servlet.FrameworkServlet.processRequest(FrameworkServlet.java:970) ~[spring-webmvc-4.3.9.RELEASE.jar:4.3.9.RELEASE]
	at org.springframework.web.servlet.FrameworkServlet.doGet(FrameworkServlet.java:861) ~[spring-webmvc-4.3.9.RELEASE.jar:4.3.9.RELEASE]
	at javax.servlet.http.HttpServlet.service(HttpServlet.java:635) ~[tomcat-embed-core-8.5.15.jar:8.5.15]
	at org.springframework.web.servlet.FrameworkServlet.service(FrameworkServlet.java:846) ~[spring-webmvc-4.3.9.RELEASE.jar:4.3.9.RELEASE]
	at javax.servlet.http.HttpServlet.service(HttpServlet.java:742) ~[tomcat-embed-core-8.5.15.jar:8.5.15]
	at org.apache.catalina.core.ApplicationFilterChain.internalDoFilter(ApplicationFilterChain.java:231) ~[tomcat-embed-core-8.5.15.jar:8.5.15]
	at org.apache.catalina.core.ApplicationFilterChain.doFilter(ApplicationFilterChain.java:166) ~[tomcat-embed-core-8.5.15.jar:8.5.15]
	at org.apache.tomcat.websocket.server.WsFilter.doFilter(WsFilter.java:52) ~[tomcat-embed-websocket-8.5.15.jar:8.5.15]
	at org.apache.catalina.core.ApplicationFilterChain.internalDoFilter(ApplicationFilterChain.java:193) ~[tomcat-embed-core-8.5.15.jar:8.5.15]
	at org.apache.catalina.core.ApplicationFilterChain.doFilter(ApplicationFilterChain.java:166) ~[tomcat-embed-core-8.5.15.jar:8.5.15]
	at org.springframework.boot.web.filter.ApplicationContextHeaderFilter.doFilterInternal(ApplicationContextHeaderFilter.java:55) ~[spring-boot-1.4.7.RELEASE.jar:1.4.7.RELEASE]
	at org.springframework.web.filter.OncePerRequestFilter.doFilter(OncePerRequestFilter.java:107) ~[spring-web-4.3.9.RELEASE.jar:4.3.9.RELEASE]
	at org.apache.catalina.core.ApplicationFilterChain.internalDoFilter(ApplicationFilterChain.java:193) ~[tomcat-embed-core-8.5.15.jar:8.5.15]
	at org.apache.catalina.core.ApplicationFilterChain.doFilter(ApplicationFilterChain.java:166) ~[tomcat-embed-core-8.5.15.jar:8.5.15]
	at com.mooc.house.web.filter.LogFilter.doFilter(LogFilter.java:25) ~[classes/:?]
	at org.apache.catalina.core.ApplicationFilterChain.internalDoFilter(ApplicationFilterChain.java:193) ~[tomcat-embed-core-8.5.15.jar:8.5.15]
	at org.apache.catalina.core.ApplicationFilterChain.doFilter(ApplicationFilterChain.java:166) ~[tomcat-embed-core-8.5.15.jar:8.5.15]
	at org.springframework.boot.actuate.trace.WebRequestTraceFilter.doFilterInternal(WebRequestTraceFilter.java:105) ~[spring-boot-actuator-1.4.7.RELEASE.jar:1.4.7.RELEASE]
	at org.springframework.web.filter.OncePerRequestFilter.doFilter(OncePerRequestFilter.java:107) ~[spring-web-4.3.9.RELEASE.jar:4.3.9.RELEASE]
	at org.apache.catalina.core.ApplicationFilterChain.internalDoFilter(ApplicationFilterChain.java:193) ~[tomcat-embed-core-8.5.15.jar:8.5.15]
	at org.apache.catalina.core.ApplicationFilterChain.doFilter(ApplicationFilterChain.java:166) ~[tomcat-embed-core-8.5.15.jar:8.5.15]
	at org.springframework.web.filter.RequestContextFilter.doFilterInternal(RequestContextFilter.java:99) ~[spring-web-4.3.9.RELEASE.jar:4.3.9.RELEASE]
	at org.springframework.web.filter.OncePerRequestFilter.doFilter(OncePerRequestFilter.java:107) ~[spring-web-4.3.9.RELEASE.jar:4.3.9.RELEASE]
	at org.apache.catalina.core.ApplicationFilterChain.internalDoFilter(ApplicationFilterChain.java:193) ~[tomcat-embed-core-8.5.15.jar:8.5.15]
	at org.apache.catalina.core.ApplicationFilterChain.doFilter(ApplicationFilterChain.java:166) ~[tomcat-embed-core-8.5.15.jar:8.5.15]
	at org.springframework.web.filter.HttpPutFormContentFilter.doFilterInternal(HttpPutFormContentFilter.java:105) ~[spring-web-4.3.9.RELEASE.jar:4.3.9.RELEASE]
	at org.springframework.web.filter.OncePerRequestFilter.doFilter(OncePerRequestFilter.java:107) ~[spring-web-4.3.9.RELEASE.jar:4.3.9.RELEASE]
	at org.apache.catalina.core.ApplicationFilterChain.internalDoFilter(ApplicationFilterChain.java:193) ~[tomcat-embed-core-8.5.15.jar:8.5.15]
	at org.apache.catalina.core.ApplicationFilterChain.doFilter(ApplicationFilterChain.java:166) ~[tomcat-embed-core-8.5.15.jar:8.5.15]
	at org.springframework.web.filter.HiddenHttpMethodFilter.doFilterInternal(HiddenHttpMethodFilter.java:81) ~[spring-web-4.3.9.RELEASE.jar:4.3.9.RELEASE]
	at org.springframework.web.filter.OncePerRequestFilter.doFilter(OncePerRequestFilter.java:107) ~[spring-web-4.3.9.RELEASE.jar:4.3.9.RELEASE]
	at org.apache.catalina.core.ApplicationFilterChain.internalDoFilter(ApplicationFilterChain.java:193) ~[tomcat-embed-core-8.5.15.jar:8.5.15]
	at org.apache.catalina.core.ApplicationFilterChain.doFilter(ApplicationFilterChain.java:166) ~[tomcat-embed-core-8.5.15.jar:8.5.15]
	at org.springframework.web.filter.CharacterEncodingFilter.doFilterInternal(CharacterEncodingFilter.java:197) ~[spring-web-4.3.9.RELEASE.jar:4.3.9.RELEASE]
	at org.springframework.web.filter.OncePerRequestFilter.doFilter(OncePerRequestFilter.java:107) ~[spring-web-4.3.9.RELEASE.jar:4.3.9.RELEASE]
	at org.apache.catalina.core.ApplicationFilterChain.internalDoFilter(ApplicationFilterChain.java:193) ~[tomcat-embed-core-8.5.15.jar:8.5.15]
	at org.apache.catalina.core.ApplicationFilterChain.doFilter(ApplicationFilterChain.java:166) ~[tomcat-embed-core-8.5.15.jar:8.5.15]
	at org.springframework.boot.actuate.autoconfigure.MetricsFilter.doFilterInternal(MetricsFilter.java:106) ~[spring-boot-actuator-1.4.7.RELEASE.jar:1.4.7.RELEASE]
	at org.springframework.web.filter.OncePerRequestFilter.doFilter(OncePerRequestFilter.java:107) ~[spring-web-4.3.9.RELEASE.jar:4.3.9.RELEASE]
	at org.apache.catalina.core.ApplicationFilterChain.internalDoFilter(ApplicationFilterChain.java:193) ~[tomcat-embed-core-8.5.15.jar:8.5.15]
	at org.apache.catalina.core.ApplicationFilterChain.doFilter(ApplicationFilterChain.java:166) ~[tomcat-embed-core-8.5.15.jar:8.5.15]
	at org.apache.catalina.core.StandardWrapperValve.invoke(StandardWrapperValve.java:198) ~[tomcat-embed-core-8.5.15.jar:8.5.15]
	at org.apache.catalina.core.StandardContextValve.invoke(StandardContextValve.java:96) ~[tomcat-embed-core-8.5.15.jar:8.5.15]
	at org.apache.catalina.authenticator.AuthenticatorBase.invoke(AuthenticatorBase.java:478) ~[tomcat-embed-core-8.5.15.jar:8.5.15]
	at org.apache.catalina.core.StandardHostValve.invoke(StandardHostValve.java:140) ~[tomcat-embed-core-8.5.15.jar:8.5.15]
	at org.apache.catalina.valves.ErrorReportValve.invoke(ErrorReportValve.java:80) ~[tomcat-embed-core-8.5.15.jar:8.5.15]
	at org.apache.catalina.core.StandardEngineValve.invoke(StandardEngineValve.java:87) ~[tomcat-embed-core-8.5.15.jar:8.5.15]
	at org.apache.catalina.connector.CoyoteAdapter.service(CoyoteAdapter.java:342) ~[tomcat-embed-core-8.5.15.jar:8.5.15]
	at org.apache.coyote.http11.Http11Processor.service(Http11Processor.java:799) ~[tomcat-embed-core-8.5.15.jar:8.5.15]
	at org.apache.coyote.AbstractProcessorLight.process(AbstractProcessorLight.java:66) ~[tomcat-embed-core-8.5.15.jar:8.5.15]
	at org.apache.coyote.AbstractProtocol$ConnectionHandler.process(AbstractProtocol.java:861) ~[tomcat-embed-core-8.5.15.jar:8.5.15]
	at org.apache.tomcat.util.net.NioEndpoint$SocketProcessor.doRun(NioEndpoint.java:1455) ~[tomcat-embed-core-8.5.15.jar:8.5.15]
	at org.apache.tomcat.util.net.SocketProcessorBase.run(SocketProcessorBase.java:49) ~[tomcat-embed-core-8.5.15.jar:8.5.15]
	at java.util.concurrent.ThreadPoolExecutor.runWorker(ThreadPoolExecutor.java:1142) [?:1.8.0_73]
	at java.util.concurrent.ThreadPoolExecutor$Worker.run(ThreadPoolExecutor.java:617) [?:1.8.0_73]
	at org.apache.tomcat.util.threads.TaskThread$WrappingRunnable.run(TaskThread.java:61) ~[tomcat-embed-core-8.5.15.jar:8.5.15]
	at java.lang.Thread.run(Thread.java:745) [?:1.8.0_73]
2018-06-19 18:09:34.545 [registrationTask1] WARN  [de.codecentric.boot.admin.client.registration.ApplicationRegistrator:88] registrationTask1cid - Failed to register application as Application [name=spring-boot-application, managementUrl=http://HOMEMIC-0LV0N9U:8092, healthUrl=http://HOMEMIC-0LV0N9U:8092/health, serviceUrl=http://HOMEMIC-0LV0N9U:8091] at spring-boot-admin ([http://localhost:8070/api/applications]): I/O error on POST request for "http://localhost:8070/api/applications": Connection refused: connect; nested exception is java.net.ConnectException: Connection refused: connect
2018-06-19 18:09:44.544 [registrationTask1] WARN  [de.codecentric.boot.admin.client.registration.ApplicationRegistrator:88] registrationTask1cid - Failed to register application as Application [name=spring-boot-application, managementUrl=http://HOMEMIC-0LV0N9U:8092, healthUrl=http://HOMEMIC-0LV0N9U:8092/health, serviceUrl=http://HOMEMIC-0LV0N9U:8091] at spring-boot-admin ([http://localhost:8070/api/applications]): I/O error on POST request for "http://localhost:8070/api/applications": Connection refused: connect; nested exception is java.net.ConnectException: Connection refused: connect
